[     204ms] [ERROR] Failed to load resource: the server responded with a status of 401 (Unauthorized) @ http://localhost:3000/api/users/preferences:0
[     708ms] [ERROR] Failed to load resource: the server responded with a status of 404 (Not Found) @ http://localhost:3000/tr/forgot-password:0
[  116334ms] [ERROR] Failed to load resource: the server responded with a status of 500 (Internal Server Error) @ http://localhost:3000/api/stores/0824e453-3761-4cdf-96c9-3215a7770618:0
[  116339ms] [ERROR] Failed to load resource: the server responded with a status of 500 (Internal Server Error) @ http://localhost:3000/api/stores/0824e453-3761-4cdf-96c9-3215a7770618/sync-progress:0
[  116359ms] [ERROR] Failed to load resource: the server responded with a status of 403 (Forbidden) @ http://localhost:3000/api/dashboard/stats/0824e453-3761-4cdf-96c9-3215a7770618:0
[  116364ms] [ERROR] Failed to load resource: the server responded with a status of 500 (Internal Server Error) @ http://localhost:3000/api/purchasing/orders/0824e453-3761-4cdf-96c9-3215a7770618/reports/stock-depletion:0
[  116371ms] [ERROR] Failed to load resource: the server responded with a status of 403 (Forbidden) @ http://localhost:3000/api/dashboard/stats/0824e453-3761-4cdf-96c9-3215a7770618/cities?startDate=2026-01-06&endDate=2026-02-05:0
[  116372ms] [ERROR] Failed to load resource: the server responded with a status of 500 (Internal Server Error) @ http://localhost:3000/api/products/store/0824e453-3761-4cdf-96c9-3215a7770618?page=0&size=100&sortBy=onSale&sortDirection=desc:0
[  117482ms] [ERROR] Failed to load resource: the server responded with a status of 403 (Forbidden) @ http://localhost:3000/api/dashboard/stats/0824e453-3761-4cdf-96c9-3215a7770618:0
[  117499ms] [ERROR] Failed to load resource: the server responded with a status of 403 (Forbidden) @ http://localhost:3000/api/dashboard/stats/0824e453-3761-4cdf-96c9-3215a7770618/cities?startDate=2026-01-06&endDate=2026-02-05:0
[  117502ms] [ERROR] Failed to load resource: the server responded with a status of 500 (Internal Server Error) @ http://localhost:3000/api/products/store/0824e453-3761-4cdf-96c9-3215a7770618?page=0&size=100&sortBy=onSale&sortDirection=desc:0
[  117503ms] [ERROR] Failed to load resource: the server responded with a status of 500 (Internal Server Error) @ http://localhost:3000/api/stores/0824e453-3761-4cdf-96c9-3215a7770618:0
[  117505ms] [ERROR] Failed to load resource: the server responded with a status of 500 (Internal Server Error) @ http://localhost:3000/api/purchasing/orders/0824e453-3761-4cdf-96c9-3215a7770618/reports/stock-depletion:0
[  117507ms] [ERROR] Failed to load resource: the server responded with a status of 500 (Internal Server Error) @ http://localhost:3000/api/stores/0824e453-3761-4cdf-96c9-3215a7770618/sync-progress:0
[  119563ms] [ERROR] Failed to load resource: the server responded with a status of 403 (Forbidden) @ http://localhost:3000/api/dashboard/stats/0824e453-3761-4cdf-96c9-3215a7770618:0
[  119566ms] [ERROR] Failed to load resource: the server responded with a status of 403 (Forbidden) @ http://localhost:3000/api/dashboard/stats/0824e453-3761-4cdf-96c9-3215a7770618/cities?startDate=2026-01-06&endDate=2026-02-05:0
[  119569ms] [ERROR] Failed to load resource: the server responded with a status of 500 (Internal Server Error) @ http://localhost:3000/api/products/store/0824e453-3761-4cdf-96c9-3215a7770618?page=0&size=100&sortBy=onSale&sortDirection=desc:0
[  119571ms] [ERROR] Failed to load resource: the server responded with a status of 500 (Internal Server Error) @ http://localhost:3000/api/stores/0824e453-3761-4cdf-96c9-3215a7770618:0
[  119572ms] [ERROR] Failed to load resource: the server responded with a status of 500 (Internal Server Error) @ http://localhost:3000/api/purchasing/orders/0824e453-3761-4cdf-96c9-3215a7770618/reports/stock-depletion:0
[  119573ms] [ERROR] Failed to load resource: the server responded with a status of 500 (Internal Server Error) @ http://localhost:3000/api/stores/0824e453-3761-4cdf-96c9-3215a7770618/sync-progress:0
[  123691ms] [ERROR] Failed to load resource: the server responded with a status of 403 (Forbidden) @ http://localhost:3000/api/dashboard/stats/0824e453-3761-4cdf-96c9-3215a7770618/cities?startDate=2026-01-06&endDate=2026-02-05:0
[  123698ms] [ERROR] Failed to load resource: the server responded with a status of 500 (Internal Server Error) @ http://localhost:3000/api/stores/0824e453-3761-4cdf-96c9-3215a7770618/sync-progress:0
[  123701ms] [ERROR] Failed to load resource: the server responded with a status of 500 (Internal Server Error) @ http://localhost:3000/api/products/store/0824e453-3761-4cdf-96c9-3215a7770618?page=0&size=100&sortBy=onSale&sortDirection=desc:0
[  123703ms] [ERROR] Failed to load resource: the server responded with a status of 500 (Internal Server Error) @ http://localhost:3000/api/purchasing/orders/0824e453-3761-4cdf-96c9-3215a7770618/reports/stock-depletion:0
[  123704ms] [ERROR] Failed to load resource: the server responded with a status of 500 (Internal Server Error) @ http://localhost:3000/api/stores/0824e453-3761-4cdf-96c9-3215a7770618:0
