[     202ms] [ERROR] Failed to load resource: the server responded with a status of 401 (Unauthorized) @ http://localhost:3000/api/users/preferences:0
[    1082ms] [ERROR] Failed to load resource: the server responded with a status of 404 (Not Found) @ http://localhost:3000/tr/forgot-password:0
[  371800ms] [ERROR] Failed to load resource: net::ERR_CONNECTION_REFUSED @ http://localhost:3000/api/dashboard/stats/0824e453-3761-4cdf-96c9-3215a7770618:0
[  371818ms] [ERROR] Failed to load resource: net::ERR_CONNECTION_REFUSED @ http://localhost:3000/api/expenses/store/0824e453-3761-4cdf-96c9-3215a7770618:0
[  372827ms] [ERROR] Failed to load resource: net::ERR_CONNECTION_REFUSED @ http://localhost:3000/api/dashboard/stats/0824e453-3761-4cdf-96c9-3215a7770618:0
[  372831ms] [ERROR] Failed to load resource: net::ERR_CONNECTION_REFUSED @ http://localhost:3000/api/expenses/store/0824e453-3761-4cdf-96c9-3215a7770618:0
[  374356ms] [ERROR] Failed to load resource: net::ERR_CONNECTION_REFUSED @ http://localhost:3000/api/alerts/unread-count:0
[  374361ms] [ERROR] Failed to load resource: net::ERR_CONNECTION_REFUSED @ http://localhost:3000/api/alerts/unread:0
[  374836ms] [ERROR] Failed to load resource: net::ERR_CONNECTION_REFUSED @ http://localhost:3000/api/dashboard/stats/0824e453-3761-4cdf-96c9-3215a7770618:0
[  374838ms] [ERROR] Failed to load resource: net::ERR_CONNECTION_REFUSED @ http://localhost:3000/api/expenses/store/0824e453-3761-4cdf-96c9-3215a7770618:0
[  375359ms] [ERROR] Failed to load resource: net::ERR_CONNECTION_REFUSED @ http://localhost:3000/api/alerts/unread-count:0
[  375367ms] [ERROR] Failed to load resource: net::ERR_CONNECTION_REFUSED @ http://localhost:3000/api/alerts/unread:0
[  377430ms] [ERROR] Failed to load resource: net::ERR_CONNECTION_REFUSED @ http://localhost:3000/api/alerts/unread-count:0
[  377443ms] [ERROR] Failed to load resource: net::ERR_CONNECTION_REFUSED @ http://localhost:3000/api/alerts/unread:0
[  378847ms] [ERROR] Failed to load resource: net::ERR_CONNECTION_REFUSED @ http://localhost:3000/api/expenses/store/0824e453-3761-4cdf-96c9-3215a7770618:0
[  381568ms] [ERROR] Failed to load resource: net::ERR_CONNECTION_REFUSED @ http://localhost:3000/api/alerts/unread-count:0
[  381573ms] [ERROR] Failed to load resource: net::ERR_CONNECTION_REFUSED @ http://localhost:3000/api/alerts/unread:0
[  411681ms] [ERROR] Failed to load resource: net::ERR_CONNECTION_REFUSED @ http://localhost:3000/api/alerts/unread-count:0
[  411684ms] [ERROR] Failed to load resource: net::ERR_CONNECTION_REFUSED @ http://localhost:3000/api/alerts/unread:0
[  412684ms] [ERROR] Failed to load resource: net::ERR_CONNECTION_REFUSED @ http://localhost:3000/api/alerts/unread-count:0
[  412686ms] [ERROR] Failed to load resource: net::ERR_CONNECTION_REFUSED @ http://localhost:3000/api/alerts/unread:0
[  414702ms] [ERROR] Failed to load resource: net::ERR_CONNECTION_REFUSED @ http://localhost:3000/api/alerts/unread-count:0
[  414703ms] [ERROR] Failed to load resource: net::ERR_CONNECTION_REFUSED @ http://localhost:3000/api/alerts/unread:0
[  419271ms] [ERROR] Failed to load resource: net::ERR_CONNECTION_REFUSED @ http://localhost:3000/api/alerts/unread-count:0
[  419305ms] [ERROR] Failed to load resource: net::ERR_CONNECTION_REFUSED @ http://localhost:3000/api/alerts/unread:0
[  431567ms] [ERROR] Failed to load resource: net::ERR_CONNECTION_REFUSED @ http://localhost:3000/api/dashboard/stats/0824e453-3761-4cdf-96c9-3215a7770618:0
[  431568ms] [ERROR] Failed to load resource: net::ERR_CONNECTION_REFUSED @ http://localhost:3000/api/expenses/store/0824e453-3761-4cdf-96c9-3215a7770618:0
[  432581ms] [ERROR] Failed to load resource: net::ERR_CONNECTION_REFUSED @ http://localhost:3000/api/dashboard/stats/0824e453-3761-4cdf-96c9-3215a7770618:0
[  432582ms] [ERROR] Failed to load resource: net::ERR_CONNECTION_REFUSED @ http://localhost:3000/api/expenses/store/0824e453-3761-4cdf-96c9-3215a7770618:0
[  434645ms] [ERROR] Failed to load resource: net::ERR_CONNECTION_REFUSED @ http://localhost:3000/api/dashboard/stats/0824e453-3761-4cdf-96c9-3215a7770618:0
[  434645ms] [ERROR] Failed to load resource: net::ERR_CONNECTION_REFUSED @ http://localhost:3000/api/expenses/store/0824e453-3761-4cdf-96c9-3215a7770618:0
[  438666ms] [ERROR] Failed to load resource: net::ERR_CONNECTION_REFUSED @ http://localhost:3000/api/expenses/store/0824e453-3761-4cdf-96c9-3215a7770618:0
[  449340ms] [ERROR] Failed to load resource: net::ERR_CONNECTION_REFUSED @ http://localhost:3000/api/alerts/unread-count:0
[  449342ms] [ERROR] Failed to load resource: net::ERR_CONNECTION_REFUSED @ http://localhost:3000/api/alerts/unread:0
[  450358ms] [ERROR] Failed to load resource: net::ERR_CONNECTION_REFUSED @ http://localhost:3000/api/alerts/unread-count:0
[  450359ms] [ERROR] Failed to load resource: net::ERR_CONNECTION_REFUSED @ http://localhost:3000/api/alerts/unread:0
[  452379ms] [ERROR] Failed to load resource: net::ERR_CONNECTION_REFUSED @ http://localhost:3000/api/alerts/unread-count:0
[  452383ms] [ERROR] Failed to load resource: net::ERR_CONNECTION_REFUSED @ http://localhost:3000/api/alerts/unread:0
[  456403ms] [ERROR] Failed to load resource: net::ERR_CONNECTION_REFUSED @ http://localhost:3000/api/alerts/unread-count:0
[  456409ms] [ERROR] Failed to load resource: net::ERR_CONNECTION_REFUSED @ http://localhost:3000/api/alerts/unread:0
[  487541ms] [ERROR] Failed to load resource: net::ERR_CONNECTION_REFUSED @ http://localhost:3000/api/alerts/unread-count:0
[  487559ms] [ERROR] Failed to load resource: net::ERR_CONNECTION_REFUSED @ http://localhost:3000/api/alerts/unread:0
[  488574ms] [ERROR] Failed to load resource: net::ERR_CONNECTION_REFUSED @ http://localhost:3000/api/alerts/unread-count:0
[  488576ms] [ERROR] Failed to load resource: net::ERR_CONNECTION_REFUSED @ http://localhost:3000/api/alerts/unread:0
[  490610ms] [ERROR] Failed to load resource: net::ERR_CONNECTION_REFUSED @ http://localhost:3000/api/alerts/unread-count:0
[  490643ms] [ERROR] Failed to load resource: net::ERR_CONNECTION_REFUSED @ http://localhost:3000/api/alerts/unread:0
[  491596ms] [ERROR] Failed to load resource: net::ERR_CONNECTION_REFUSED @ http://localhost:3000/api/dashboard/stats/0824e453-3761-4cdf-96c9-3215a7770618:0
[  491599ms] [ERROR] Failed to load resource: net::ERR_CONNECTION_REFUSED @ http://localhost:3000/api/expenses/store/0824e453-3761-4cdf-96c9-3215a7770618:0
[  492648ms] [ERROR] Failed to load resource: net::ERR_CONNECTION_REFUSED @ http://localhost:3000/api/dashboard/stats/0824e453-3761-4cdf-96c9-3215a7770618:0
[  492652ms] [ERROR] Failed to load resource: net::ERR_CONNECTION_REFUSED @ http://localhost:3000/api/expenses/store/0824e453-3761-4cdf-96c9-3215a7770618:0
[  494621ms] [ERROR] Failed to load resource: net::ERR_CONNECTION_REFUSED @ http://localhost:3000/api/alerts/unread-count:0
[  494648ms] [ERROR] Failed to load resource: net::ERR_CONNECTION_REFUSED @ http://localhost:3000/api/dashboard/stats/0824e453-3761-4cdf-96c9-3215a7770618:0
[  494653ms] [ERROR] Failed to load resource: net::ERR_CONNECTION_REFUSED @ http://localhost:3000/api/expenses/store/0824e453-3761-4cdf-96c9-3215a7770618:0
[  494654ms] [ERROR] Failed to load resource: net::ERR_CONNECTION_REFUSED @ http://localhost:3000/api/alerts/unread:0
[  498675ms] [ERROR] Failed to load resource: net::ERR_CONNECTION_REFUSED @ http://localhost:3000/api/expenses/store/0824e453-3761-4cdf-96c9-3215a7770618:0
[  524626ms] [ERROR] Failed to load resource: net::ERR_CONNECTION_REFUSED @ http://localhost:3000/api/alerts/unread-count:0
[  524651ms] [ERROR] Failed to load resource: net::ERR_CONNECTION_REFUSED @ http://localhost:3000/api/alerts/unread:0
[  525630ms] [ERROR] Failed to load resource: net::ERR_CONNECTION_REFUSED @ http://localhost:3000/api/alerts/unread-count:0
[  525658ms] [ERROR] Failed to load resource: net::ERR_CONNECTION_REFUSED @ http://localhost:3000/api/alerts/unread:0
[  527634ms] [ERROR] Failed to load resource: net::ERR_CONNECTION_REFUSED @ http://localhost:3000/api/alerts/unread-count:0
[  527660ms] [ERROR] Failed to load resource: net::ERR_CONNECTION_REFUSED @ http://localhost:3000/api/alerts/unread:0
[  531653ms] [ERROR] Failed to load resource: net::ERR_CONNECTION_REFUSED @ http://localhost:3000/api/alerts/unread-count:0
[  532037ms] [ERROR] Failed to load resource: net::ERR_CONNECTION_REFUSED @ http://localhost:3000/api/alerts/unread:0
[  551562ms] [ERROR] Failed to load resource: net::ERR_CONNECTION_REFUSED @ http://localhost:3000/api/dashboard/stats/0824e453-3761-4cdf-96c9-3215a7770618:0
[  551573ms] [ERROR] Failed to load resource: net::ERR_CONNECTION_REFUSED @ http://localhost:3000/api/expenses/store/0824e453-3761-4cdf-96c9-3215a7770618:0
[  552595ms] [ERROR] Failed to load resource: net::ERR_CONNECTION_REFUSED @ http://localhost:3000/api/dashboard/stats/0824e453-3761-4cdf-96c9-3215a7770618:0
[  552599ms] [ERROR] Failed to load resource: net::ERR_CONNECTION_REFUSED @ http://localhost:3000/api/expenses/store/0824e453-3761-4cdf-96c9-3215a7770618:0
[  554609ms] [ERROR] Failed to load resource: net::ERR_CONNECTION_REFUSED @ http://localhost:3000/api/dashboard/stats/0824e453-3761-4cdf-96c9-3215a7770618:0
[  554612ms] [ERROR] Failed to load resource: net::ERR_CONNECTION_REFUSED @ http://localhost:3000/api/expenses/store/0824e453-3761-4cdf-96c9-3215a7770618:0
[  558623ms] [ERROR] Failed to load resource: net::ERR_CONNECTION_REFUSED @ http://localhost:3000/api/expenses/store/0824e453-3761-4cdf-96c9-3215a7770618:0
[  561687ms] [ERROR] Failed to load resource: net::ERR_CONNECTION_REFUSED @ http://localhost:3000/api/alerts/unread-count:0
[  562045ms] [ERROR] Failed to load resource: net::ERR_CONNECTION_REFUSED @ http://localhost:3000/api/alerts/unread:0
[  562690ms] [ERROR] Failed to load resource: net::ERR_CONNECTION_REFUSED @ http://localhost:3000/api/alerts/unread-count:0
[  563049ms] [ERROR] Failed to load resource: net::ERR_CONNECTION_REFUSED @ http://localhost:3000/api/alerts/unread:0
[  564695ms] [ERROR] Failed to load resource: net::ERR_CONNECTION_REFUSED @ http://localhost:3000/api/alerts/unread-count:0
[  565055ms] [ERROR] Failed to load resource: net::ERR_CONNECTION_REFUSED @ http://localhost:3000/api/alerts/unread:0
[  568714ms] [ERROR] Failed to load resource: net::ERR_CONNECTION_REFUSED @ http://localhost:3000/api/alerts/unread-count:0
[  569060ms] [ERROR] Failed to load resource: net::ERR_CONNECTION_REFUSED @ http://localhost:3000/api/alerts/unread:0
[  599068ms] [ERROR] Failed to load resource: net::ERR_CONNECTION_REFUSED @ http://localhost:3000/api/alerts/unread-count:0
[  599083ms] [ERROR] Failed to load resource: net::ERR_CONNECTION_REFUSED @ http://localhost:3000/api/alerts/unread:0
[  600119ms] [ERROR] Failed to load resource: net::ERR_CONNECTION_REFUSED @ http://localhost:3000/api/alerts/unread-count:0
[  600120ms] [ERROR] Failed to load resource: net::ERR_CONNECTION_REFUSED @ http://localhost:3000/api/alerts/unread:0
[  602193ms] [ERROR] Failed to load resource: net::ERR_CONNECTION_REFUSED @ http://localhost:3000/api/alerts/unread-count:0
[  602203ms] [ERROR] Failed to load resource: net::ERR_CONNECTION_REFUSED @ http://localhost:3000/api/alerts/unread:0
[  606480ms] [ERROR] Failed to load resource: net::ERR_CONNECTION_REFUSED @ http://localhost:3000/api/alerts/unread-count:0
[  606566ms] [ERROR] Failed to load resource: net::ERR_CONNECTION_REFUSED @ http://localhost:3000/api/alerts/unread:0
[  611647ms] [ERROR] Failed to load resource: net::ERR_CONNECTION_REFUSED @ http://localhost:3000/api/dashboard/stats/0824e453-3761-4cdf-96c9-3215a7770618:0
[  611661ms] [ERROR] Failed to load resource: net::ERR_CONNECTION_REFUSED @ http://localhost:3000/api/expenses/store/0824e453-3761-4cdf-96c9-3215a7770618:0
[  612656ms] [ERROR] Failed to load resource: net::ERR_CONNECTION_REFUSED @ http://localhost:3000/api/dashboard/stats/0824e453-3761-4cdf-96c9-3215a7770618:0
[  612674ms] [ERROR] Failed to load resource: net::ERR_CONNECTION_REFUSED @ http://localhost:3000/api/expenses/store/0824e453-3761-4cdf-96c9-3215a7770618:0
[  614671ms] [ERROR] Failed to load resource: net::ERR_CONNECTION_REFUSED @ http://localhost:3000/api/dashboard/stats/0824e453-3761-4cdf-96c9-3215a7770618:0
[  614679ms] [ERROR] Failed to load resource: net::ERR_CONNECTION_REFUSED @ http://localhost:3000/api/expenses/store/0824e453-3761-4cdf-96c9-3215a7770618:0
[  618739ms] [ERROR] Failed to load resource: net::ERR_CONNECTION_REFUSED @ http://localhost:3000/api/expenses/store/0824e453-3761-4cdf-96c9-3215a7770618:0
[  892611ms] [ERROR] Failed to load resource: net::ERR_CONNECTION_REFUSED @ http://localhost:3000/api/alerts/unread-count:0
[  892664ms] [ERROR] Failed to load resource: net::ERR_CONNECTION_REFUSED @ http://localhost:3000/api/alerts/unread:0
[  893881ms] [ERROR] Failed to load resource: net::ERR_CONNECTION_REFUSED @ http://localhost:3000/api/alerts/unread:0
[  893906ms] [ERROR] Failed to load resource: net::ERR_CONNECTION_REFUSED @ http://localhost:3000/api/alerts/unread-count:0
[  895965ms] [ERROR] Failed to load resource: net::ERR_CONNECTION_REFUSED @ http://localhost:3000/api/alerts/unread:0
[  895978ms] [ERROR] Failed to load resource: net::ERR_CONNECTION_REFUSED @ http://localhost:3000/api/alerts/unread-count:0
[  900011ms] [ERROR] Failed to load resource: net::ERR_CONNECTION_REFUSED @ http://localhost:3000/api/alerts/unread:0
[  900038ms] [ERROR] Failed to load resource: net::ERR_CONNECTION_REFUSED @ http://localhost:3000/api/alerts/unread-count:0
[  911885ms] [ERROR] Failed to load resource: net::ERR_CONNECTION_REFUSED @ http://localhost:3000/api/dashboard/stats/0824e453-3761-4cdf-96c9-3215a7770618:0
[  911888ms] [ERROR] Failed to load resource: net::ERR_CONNECTION_REFUSED @ http://localhost:3000/api/expenses/store/0824e453-3761-4cdf-96c9-3215a7770618:0
[  912926ms] [ERROR] Failed to load resource: net::ERR_CONNECTION_REFUSED @ http://localhost:3000/api/dashboard/stats/0824e453-3761-4cdf-96c9-3215a7770618:0
[  912928ms] [ERROR] Failed to load resource: net::ERR_CONNECTION_REFUSED @ http://localhost:3000/api/expenses/store/0824e453-3761-4cdf-96c9-3215a7770618:0
[  914929ms] [ERROR] Failed to load resource: net::ERR_CONNECTION_REFUSED @ http://localhost:3000/api/dashboard/stats/0824e453-3761-4cdf-96c9-3215a7770618:0
[  914956ms] [ERROR] Failed to load resource: net::ERR_CONNECTION_REFUSED @ http://localhost:3000/api/expenses/store/0824e453-3761-4cdf-96c9-3215a7770618:0
[  918985ms] [ERROR] Failed to load resource: net::ERR_CONNECTION_REFUSED @ http://localhost:3000/api/expenses/store/0824e453-3761-4cdf-96c9-3215a7770618:0
[  930089ms] [ERROR] Failed to load resource: net::ERR_CONNECTION_REFUSED @ http://localhost:3000/api/alerts/unread:0
[  930092ms] [ERROR] Failed to load resource: net::ERR_CONNECTION_REFUSED @ http://localhost:3000/api/alerts/unread-count:0
[  931093ms] [ERROR] Failed to load resource: net::ERR_CONNECTION_REFUSED @ http://localhost:3000/api/alerts/unread:0
[  931096ms] [ERROR] Failed to load resource: net::ERR_CONNECTION_REFUSED @ http://localhost:3000/api/alerts/unread-count:0
[  933171ms] [ERROR] Failed to load resource: net::ERR_CONNECTION_REFUSED @ http://localhost:3000/api/alerts/unread:0
[  933172ms] [ERROR] Failed to load resource: net::ERR_CONNECTION_REFUSED @ http://localhost:3000/api/alerts/unread-count:0
[  937188ms] [ERROR] Failed to load resource: net::ERR_CONNECTION_REFUSED @ http://localhost:3000/api/alerts/unread:0
[  937193ms] [ERROR] Failed to load resource: net::ERR_CONNECTION_REFUSED @ http://localhost:3000/api/alerts/unread-count:0
[  967391ms] [ERROR] Failed to load resource: net::ERR_CONNECTION_REFUSED @ http://localhost:3000/api/alerts/unread:0
[  967396ms] [ERROR] Failed to load resource: net::ERR_CONNECTION_REFUSED @ http://localhost:3000/api/alerts/unread-count:0
[  968451ms] [ERROR] Failed to load resource: net::ERR_CONNECTION_REFUSED @ http://localhost:3000/api/alerts/unread:0
[  968452ms] [ERROR] Failed to load resource: net::ERR_CONNECTION_REFUSED @ http://localhost:3000/api/alerts/unread-count:0
[  970461ms] [ERROR] Failed to load resource: net::ERR_CONNECTION_REFUSED @ http://localhost:3000/api/alerts/unread:0
[  970474ms] [ERROR] Failed to load resource: net::ERR_CONNECTION_REFUSED @ http://localhost:3000/api/alerts/unread-count:0
[  971546ms] [ERROR] Failed to load resource: net::ERR_CONNECTION_REFUSED @ http://localhost:3000/api/dashboard/stats/0824e453-3761-4cdf-96c9-3215a7770618:0
[  971547ms] [ERROR] Failed to load resource: net::ERR_CONNECTION_REFUSED @ http://localhost:3000/api/expenses/store/0824e453-3761-4cdf-96c9-3215a7770618:0
[  972565ms] [ERROR] Failed to load resource: net::ERR_CONNECTION_REFUSED @ http://localhost:3000/api/dashboard/stats/0824e453-3761-4cdf-96c9-3215a7770618:0
[  972566ms] [ERROR] Failed to load resource: net::ERR_CONNECTION_REFUSED @ http://localhost:3000/api/expenses/store/0824e453-3761-4cdf-96c9-3215a7770618:0
[  974497ms] [ERROR] Failed to load resource: net::ERR_CONNECTION_REFUSED @ http://localhost:3000/api/alerts/unread:0
[  974513ms] [ERROR] Failed to load resource: net::ERR_CONNECTION_REFUSED @ http://localhost:3000/api/alerts/unread-count:0
[  974568ms] [ERROR] Failed to load resource: net::ERR_CONNECTION_REFUSED @ http://localhost:3000/api/dashboard/stats/0824e453-3761-4cdf-96c9-3215a7770618:0
[  974571ms] [ERROR] Failed to load resource: net::ERR_CONNECTION_REFUSED @ http://localhost:3000/api/expenses/store/0824e453-3761-4cdf-96c9-3215a7770618:0
[  978589ms] [ERROR] Failed to load resource: net::ERR_CONNECTION_REFUSED @ http://localhost:3000/api/expenses/store/0824e453-3761-4cdf-96c9-3215a7770618:0
[ 1004723ms] [ERROR] Failed to load resource: net::ERR_CONNECTION_REFUSED @ http://localhost:3000/api/alerts/unread:0
[ 1004728ms] [ERROR] Failed to load resource: net::ERR_CONNECTION_REFUSED @ http://localhost:3000/api/alerts/unread-count:0
[ 1005747ms] [ERROR] Failed to load resource: net::ERR_CONNECTION_REFUSED @ http://localhost:3000/api/alerts/unread:0
[ 1005748ms] [ERROR] Failed to load resource: net::ERR_CONNECTION_REFUSED @ http://localhost:3000/api/alerts/unread-count:0
[ 1007744ms] [ERROR] Failed to load resource: net::ERR_CONNECTION_REFUSED @ http://localhost:3000/api/alerts/unread:0
[ 1007745ms] [ERROR] Failed to load resource: net::ERR_CONNECTION_REFUSED @ http://localhost:3000/api/alerts/unread-count:0
[ 1011748ms] [ERROR] Failed to load resource: net::ERR_CONNECTION_REFUSED @ http://localhost:3000/api/alerts/unread:0
[ 1011768ms] [ERROR] Failed to load resource: net::ERR_CONNECTION_REFUSED @ http://localhost:3000/api/alerts/unread-count:0
[ 1031561ms] [ERROR] Failed to load resource: net::ERR_CONNECTION_REFUSED @ http://localhost:3000/api/dashboard/stats/0824e453-3761-4cdf-96c9-3215a7770618:0
[ 1031565ms] [ERROR] Failed to load resource: net::ERR_CONNECTION_REFUSED @ http://localhost:3000/api/expenses/store/0824e453-3761-4cdf-96c9-3215a7770618:0
[ 1032553ms] [ERROR] Failed to load resource: net::ERR_CONNECTION_REFUSED @ http://localhost:3000/api/dashboard/stats/0824e453-3761-4cdf-96c9-3215a7770618:0
[ 1032554ms] [ERROR] Failed to load resource: net::ERR_CONNECTION_REFUSED @ http://localhost:3000/api/expenses/store/0824e453-3761-4cdf-96c9-3215a7770618:0
[ 1034600ms] [ERROR] Failed to load resource: net::ERR_CONNECTION_REFUSED @ http://localhost:3000/api/dashboard/stats/0824e453-3761-4cdf-96c9-3215a7770618:0
[ 1034634ms] [ERROR] Failed to load resource: net::ERR_CONNECTION_REFUSED @ http://localhost:3000/api/expenses/store/0824e453-3761-4cdf-96c9-3215a7770618:0
[ 1038652ms] [ERROR] Failed to load resource: net::ERR_CONNECTION_REFUSED @ http://localhost:3000/api/expenses/store/0824e453-3761-4cdf-96c9-3215a7770618:0
[ 1041772ms] [ERROR] Failed to load resource: net::ERR_CONNECTION_REFUSED @ http://localhost:3000/api/alerts/unread:0
[ 1041860ms] [ERROR] Failed to load resource: net::ERR_CONNECTION_REFUSED @ http://localhost:3000/api/alerts/unread-count:0
[ 1042904ms] [ERROR] Failed to load resource: net::ERR_CONNECTION_REFUSED @ http://localhost:3000/api/alerts/unread:0
[ 1042974ms] [ERROR] Failed to load resource: net::ERR_CONNECTION_REFUSED @ http://localhost:3000/api/alerts/unread-count:0
[ 1044935ms] [ERROR] Failed to load resource: net::ERR_CONNECTION_REFUSED @ http://localhost:3000/api/alerts/unread:0
[ 1044944ms] [ERROR] Failed to load resource: net::ERR_CONNECTION_REFUSED @ http://localhost:3000/api/alerts/unread-count:0
[ 1048974ms] [ERROR] Failed to load resource: net::ERR_CONNECTION_REFUSED @ http://localhost:3000/api/alerts/unread:0
[ 1048975ms] [ERROR] Failed to load resource: net::ERR_CONNECTION_REFUSED @ http://localhost:3000/api/alerts/unread-count:0
