[    2231ms] [ERROR] Failed to load resource: the server responded with a status of 404 (Not Found) @ http://localhost:3000/tr/forgot-password:0
[  410811ms] [ERROR] Failed to load resource: net::ERR_CONNECTION_REFUSED @ http://localhost:3000/api/alerts/unread-count:0
[  410834ms] [ERROR] Failed to load resource: net::ERR_CONNECTION_REFUSED @ http://localhost:3000/api/alerts/unread:0
[  411754ms] [ERROR] Failed to load resource: net::ERR_CONNECTION_REFUSED @ http://localhost:3000/api/alerts/unread-count:0
[  411759ms] [ERROR] Failed to load resource: net::ERR_CONNECTION_REFUSED @ http://localhost:3000/api/alerts/unread:0
[  413905ms] [ERROR] Failed to load resource: net::ERR_CONNECTION_REFUSED @ http://localhost:3000/api/alerts/unread-count:0
[  413919ms] [ERROR] Failed to load resource: net::ERR_CONNECTION_REFUSED @ http://localhost:3000/api/alerts/unread:0
[  418631ms] [ERROR] Failed to load resource: net::ERR_CONNECTION_REFUSED @ http://localhost:3000/api/alerts/unread-count:0
[  420100ms] [ERROR] Failed to load resource: net::ERR_CONNECTION_REFUSED @ http://localhost:3000/api/alerts/unread:0
[  435730ms] [ERROR] Failed to load resource: net::ERR_CONNECTION_REFUSED @ http://localhost:3000/api/dashboard/stats/0824e453-3761-4cdf-96c9-3215a7770618:0
[  435747ms] [ERROR] Failed to load resource: net::ERR_CONNECTION_REFUSED @ http://localhost:3000/api/expenses/store/0824e453-3761-4cdf-96c9-3215a7770618:0
[  436761ms] [ERROR] Failed to load resource: net::ERR_CONNECTION_REFUSED @ http://localhost:3000/api/dashboard/stats/0824e453-3761-4cdf-96c9-3215a7770618:0
[  436778ms] [ERROR] Failed to load resource: net::ERR_CONNECTION_REFUSED @ http://localhost:3000/api/expenses/store/0824e453-3761-4cdf-96c9-3215a7770618:0
[  438802ms] [ERROR] Failed to load resource: net::ERR_CONNECTION_REFUSED @ http://localhost:3000/api/dashboard/stats/0824e453-3761-4cdf-96c9-3215a7770618:0
[  438811ms] [ERROR] Failed to load resource: net::ERR_CONNECTION_REFUSED @ http://localhost:3000/api/expenses/store/0824e453-3761-4cdf-96c9-3215a7770618:0
[  442857ms] [ERROR] Failed to load resource: net::ERR_CONNECTION_REFUSED @ http://localhost:3000/api/expenses/store/0824e453-3761-4cdf-96c9-3215a7770618:0
[  450674ms] [ERROR] Failed to load resource: net::ERR_CONNECTION_REFUSED @ http://localhost:3000/api/alerts/unread-count:0
[  450681ms] [ERROR] Failed to load resource: net::ERR_CONNECTION_REFUSED @ http://localhost:3000/api/alerts/unread:0
[  451768ms] [ERROR] Failed to load resource: net::ERR_CONNECTION_REFUSED @ http://localhost:3000/api/alerts/unread-count:0
[  451773ms] [ERROR] Failed to load resource: net::ERR_CONNECTION_REFUSED @ http://localhost:3000/api/alerts/unread:0
[  453794ms] [ERROR] Failed to load resource: net::ERR_CONNECTION_REFUSED @ http://localhost:3000/api/alerts/unread-count:0
[  453796ms] [ERROR] Failed to load resource: net::ERR_CONNECTION_REFUSED @ http://localhost:3000/api/alerts/unread:0
[  457818ms] [ERROR] Failed to load resource: net::ERR_CONNECTION_REFUSED @ http://localhost:3000/api/alerts/unread-count:0
[  457845ms] [ERROR] Failed to load resource: net::ERR_CONNECTION_REFUSED @ http://localhost:3000/api/alerts/unread:0
[  489523ms] [ERROR] Failed to load resource: net::ERR_CONNECTION_REFUSED @ http://localhost:3000/api/alerts/unread-count:0
[  489548ms] [ERROR] Failed to load resource: net::ERR_CONNECTION_REFUSED @ http://localhost:3000/api/alerts/unread:0
[  490610ms] [ERROR] Failed to load resource: net::ERR_CONNECTION_REFUSED @ http://localhost:3000/api/alerts/unread-count:0
[  490615ms] [ERROR] Failed to load resource: net::ERR_CONNECTION_REFUSED @ http://localhost:3000/api/alerts/unread:0
[  492732ms] [ERROR] Failed to load resource: net::ERR_CONNECTION_REFUSED @ http://localhost:3000/api/alerts/unread-count:0
[  492749ms] [ERROR] Failed to load resource: net::ERR_CONNECTION_REFUSED @ http://localhost:3000/api/alerts/unread:0
[  498659ms] [ERROR] Failed to load resource: net::ERR_CONNECTION_REFUSED @ http://localhost:3000/api/dashboard/stats/0824e453-3761-4cdf-96c9-3215a7770618:0
[  498734ms] [ERROR] Failed to load resource: net::ERR_CONNECTION_REFUSED @ http://localhost:3000/api/expenses/store/0824e453-3761-4cdf-96c9-3215a7770618:0
[  498815ms] [ERROR] Failed to load resource: net::ERR_CONNECTION_REFUSED @ http://localhost:3000/api/alerts/unread-count:0
[  498986ms] [ERROR] Failed to load resource: net::ERR_CONNECTION_REFUSED @ http://localhost:3000/api/alerts/unread:0
[  500021ms] [ERROR] Failed to load resource: net::ERR_CONNECTION_REFUSED @ http://localhost:3000/api/dashboard/stats/0824e453-3761-4cdf-96c9-3215a7770618:0
[  500024ms] [ERROR] Failed to load resource: net::ERR_CONNECTION_REFUSED @ http://localhost:3000/api/expenses/store/0824e453-3761-4cdf-96c9-3215a7770618:0
[  502168ms] [ERROR] Failed to load resource: net::ERR_CONNECTION_REFUSED @ http://localhost:3000/api/dashboard/stats/0824e453-3761-4cdf-96c9-3215a7770618:0
[  502221ms] [ERROR] Failed to load resource: net::ERR_CONNECTION_REFUSED @ http://localhost:3000/api/expenses/store/0824e453-3761-4cdf-96c9-3215a7770618:0
[  506241ms] [ERROR] Failed to load resource: net::ERR_CONNECTION_REFUSED @ http://localhost:3000/api/expenses/store/0824e453-3761-4cdf-96c9-3215a7770618:0
[  529386ms] [ERROR] Failed to load resource: net::ERR_CONNECTION_REFUSED @ http://localhost:3000/api/alerts/unread-count:0
[  529401ms] [ERROR] Failed to load resource: net::ERR_CONNECTION_REFUSED @ http://localhost:3000/api/alerts/unread:0
[  530466ms] [ERROR] Failed to load resource: net::ERR_CONNECTION_REFUSED @ http://localhost:3000/api/alerts/unread-count:0
[  530621ms] [ERROR] Failed to load resource: net::ERR_CONNECTION_REFUSED @ http://localhost:3000/api/alerts/unread:0
[  532934ms] [ERROR] Failed to load resource: net::ERR_CONNECTION_REFUSED @ http://localhost:3000/api/alerts/unread-count:0
[  532949ms] [ERROR] Failed to load resource: net::ERR_CONNECTION_REFUSED @ http://localhost:3000/api/alerts/unread:0
[  538596ms] [ERROR] Failed to load resource: net::ERR_CONNECTION_REFUSED @ http://localhost:3000/api/alerts/unread-count:0
[  538859ms] [ERROR] Failed to load resource: net::ERR_CONNECTION_REFUSED @ http://localhost:3000/api/alerts/unread:0
[  555431ms] [ERROR] Failed to load resource: net::ERR_CONNECTION_REFUSED @ http://localhost:3000/api/dashboard/stats/0824e453-3761-4cdf-96c9-3215a7770618:0
[  555434ms] [ERROR] Failed to load resource: net::ERR_CONNECTION_REFUSED @ http://localhost:3000/api/expenses/store/0824e453-3761-4cdf-96c9-3215a7770618:0
[  556446ms] [ERROR] Failed to load resource: net::ERR_CONNECTION_REFUSED @ http://localhost:3000/api/dashboard/stats/0824e453-3761-4cdf-96c9-3215a7770618:0
[  556455ms] [ERROR] Failed to load resource: net::ERR_CONNECTION_REFUSED @ http://localhost:3000/api/expenses/store/0824e453-3761-4cdf-96c9-3215a7770618:0
[  558466ms] [ERROR] Failed to load resource: net::ERR_CONNECTION_REFUSED @ http://localhost:3000/api/dashboard/stats/0824e453-3761-4cdf-96c9-3215a7770618:0
[  558474ms] [ERROR] Failed to load resource: net::ERR_CONNECTION_REFUSED @ http://localhost:3000/api/expenses/store/0824e453-3761-4cdf-96c9-3215a7770618:0
[  562509ms] [ERROR] Failed to load resource: net::ERR_CONNECTION_REFUSED @ http://localhost:3000/api/expenses/store/0824e453-3761-4cdf-96c9-3215a7770618:0
[  568818ms] [ERROR] Failed to load resource: net::ERR_CONNECTION_REFUSED @ http://localhost:3000/api/alerts/unread-count:0
[  568869ms] [ERROR] Failed to load resource: net::ERR_CONNECTION_REFUSED @ http://localhost:3000/api/alerts/unread:0
[  569871ms] [ERROR] Failed to load resource: net::ERR_CONNECTION_REFUSED @ http://localhost:3000/api/alerts/unread-count:0
[  569880ms] [ERROR] Failed to load resource: net::ERR_CONNECTION_REFUSED @ http://localhost:3000/api/alerts/unread:0
[  571888ms] [ERROR] Failed to load resource: net::ERR_CONNECTION_REFUSED @ http://localhost:3000/api/alerts/unread-count:0
[  571893ms] [ERROR] Failed to load resource: net::ERR_CONNECTION_REFUSED @ http://localhost:3000/api/alerts/unread:0
[  575913ms] [ERROR] Failed to load resource: net::ERR_CONNECTION_REFUSED @ http://localhost:3000/api/alerts/unread-count:0
[  575914ms] [ERROR] Failed to load resource: net::ERR_CONNECTION_REFUSED @ http://localhost:3000/api/alerts/unread:0
[  606759ms] [ERROR] Failed to load resource: net::ERR_CONNECTION_REFUSED @ http://localhost:3000/api/alerts/unread-count:0
[  606859ms] [ERROR] Failed to load resource: net::ERR_CONNECTION_REFUSED @ http://localhost:3000/api/alerts/unread:0
[  607798ms] [ERROR] Failed to load resource: net::ERR_CONNECTION_REFUSED @ http://localhost:3000/api/alerts/unread-count:0
[  607964ms] [ERROR] Failed to load resource: net::ERR_CONNECTION_REFUSED @ http://localhost:3000/api/alerts/unread:0
[  609901ms] [ERROR] Failed to load resource: net::ERR_CONNECTION_REFUSED @ http://localhost:3000/api/alerts/unread-count:0
[  609989ms] [ERROR] Failed to load resource: net::ERR_CONNECTION_REFUSED @ http://localhost:3000/api/alerts/unread:0
[  616309ms] [ERROR] Failed to load resource: net::ERR_CONNECTION_REFUSED @ http://localhost:3000/api/alerts/unread-count:0
[  617389ms] [ERROR] Failed to load resource: net::ERR_CONNECTION_REFUSED @ http://localhost:3000/api/alerts/unread:0
[  617396ms] [ERROR] Failed to load resource: net::ERR_CONNECTION_REFUSED @ http://localhost:3000/api/dashboard/stats/0824e453-3761-4cdf-96c9-3215a7770618:0
[  617399ms] [ERROR] Failed to load resource: net::ERR_CONNECTION_REFUSED @ http://localhost:3000/api/expenses/store/0824e453-3761-4cdf-96c9-3215a7770618:0
[  618835ms] [ERROR] Failed to load resource: net::ERR_CONNECTION_REFUSED @ http://localhost:3000/api/dashboard/stats/0824e453-3761-4cdf-96c9-3215a7770618:0
[  618841ms] [ERROR] Failed to load resource: net::ERR_CONNECTION_REFUSED @ http://localhost:3000/api/expenses/store/0824e453-3761-4cdf-96c9-3215a7770618:0
[  625202ms] [ERROR] Failed to load resource: net::ERR_CONNECTION_REFUSED @ http://localhost:3000/api/dashboard/stats/0824e453-3761-4cdf-96c9-3215a7770618:0
[  625572ms] [ERROR] Failed to load resource: net::ERR_CONNECTION_REFUSED @ http://localhost:3000/api/expenses/store/0824e453-3761-4cdf-96c9-3215a7770618:0
[  630059ms] [ERROR] Failed to load resource: net::ERR_CONNECTION_REFUSED @ http://localhost:3000/api/expenses/store/0824e453-3761-4cdf-96c9-3215a7770618:0
[  649271ms] [ERROR] Failed to load resource: net::ERR_CONNECTION_REFUSED @ http://localhost:3000/api/alerts/unread-count:0
[  649281ms] [ERROR] Failed to load resource: net::ERR_CONNECTION_REFUSED @ http://localhost:3000/api/alerts/unread:0
[  650369ms] [ERROR] Failed to load resource: net::ERR_CONNECTION_REFUSED @ http://localhost:3000/api/alerts/unread-count:0
[  650432ms] [ERROR] Failed to load resource: net::ERR_CONNECTION_REFUSED @ http://localhost:3000/api/alerts/unread:0
[  652479ms] [ERROR] Failed to load resource: net::ERR_CONNECTION_REFUSED @ http://localhost:3000/api/alerts/unread-count:0
[  652493ms] [ERROR] Failed to load resource: net::ERR_CONNECTION_REFUSED @ http://localhost:3000/api/alerts/unread:0
[  656650ms] [ERROR] Failed to load resource: net::ERR_CONNECTION_REFUSED @ http://localhost:3000/api/alerts/unread-count:0
[  656765ms] [ERROR] Failed to load resource: net::ERR_CONNECTION_REFUSED @ http://localhost:3000/api/alerts/unread:0
[  679555ms] [ERROR] Failed to load resource: net::ERR_CONNECTION_REFUSED @ http://localhost:3000/api/dashboard/stats/0824e453-3761-4cdf-96c9-3215a7770618:0
[  679635ms] [ERROR] Failed to load resource: net::ERR_CONNECTION_REFUSED @ http://localhost:3000/api/expenses/store/0824e453-3761-4cdf-96c9-3215a7770618:0
[  680664ms] [ERROR] Failed to load resource: net::ERR_CONNECTION_REFUSED @ http://localhost:3000/api/dashboard/stats/0824e453-3761-4cdf-96c9-3215a7770618:0
[  680683ms] [ERROR] Failed to load resource: net::ERR_CONNECTION_REFUSED @ http://localhost:3000/api/expenses/store/0824e453-3761-4cdf-96c9-3215a7770618:0
[  683064ms] [ERROR] Failed to load resource: net::ERR_CONNECTION_REFUSED @ http://localhost:3000/api/dashboard/stats/0824e453-3761-4cdf-96c9-3215a7770618:0
[  683228ms] [ERROR] Failed to load resource: net::ERR_CONNECTION_REFUSED @ http://localhost:3000/api/expenses/store/0824e453-3761-4cdf-96c9-3215a7770618:0
[  687112ms] [ERROR] Failed to load resource: net::ERR_CONNECTION_REFUSED @ http://localhost:3000/api/alerts/unread-count:0
[  687124ms] [ERROR] Failed to load resource: net::ERR_CONNECTION_REFUSED @ http://localhost:3000/api/alerts/unread:0
[  687359ms] [ERROR] Failed to load resource: net::ERR_CONNECTION_REFUSED @ http://localhost:3000/api/expenses/store/0824e453-3761-4cdf-96c9-3215a7770618:0
[  688247ms] [ERROR] Failed to load resource: net::ERR_CONNECTION_REFUSED @ http://localhost:3000/api/alerts/unread-count:0
[  688263ms] [ERROR] Failed to load resource: net::ERR_CONNECTION_REFUSED @ http://localhost:3000/api/alerts/unread:0
[  690252ms] [ERROR] Failed to load resource: net::ERR_CONNECTION_REFUSED @ http://localhost:3000/api/alerts/unread-count:0
[  690256ms] [ERROR] Failed to load resource: net::ERR_CONNECTION_REFUSED @ http://localhost:3000/api/alerts/unread:0
[  694319ms] [ERROR] Failed to load resource: net::ERR_CONNECTION_REFUSED @ http://localhost:3000/api/alerts/unread-count:0
[  694343ms] [ERROR] Failed to load resource: net::ERR_CONNECTION_REFUSED @ http://localhost:3000/api/alerts/unread:0
[  724708ms] [ERROR] Failed to load resource: net::ERR_CONNECTION_REFUSED @ http://localhost:3000/api/alerts/unread-count:0
[  724729ms] [ERROR] Failed to load resource: net::ERR_CONNECTION_REFUSED @ http://localhost:3000/api/alerts/unread:0
[  725778ms] [ERROR] Failed to load resource: net::ERR_CONNECTION_REFUSED @ http://localhost:3000/api/alerts/unread-count:0
[  725780ms] [ERROR] Failed to load resource: net::ERR_CONNECTION_REFUSED @ http://localhost:3000/api/alerts/unread:0
[  728114ms] [ERROR] Failed to load resource: net::ERR_CONNECTION_REFUSED @ http://localhost:3000/api/alerts/unread-count:0
[  728118ms] [ERROR] Failed to load resource: net::ERR_CONNECTION_REFUSED @ http://localhost:3000/api/alerts/unread:0
[  733591ms] [ERROR] Failed to load resource: net::ERR_CONNECTION_REFUSED @ http://localhost:3000/api/alerts/unread-count:0
[  734869ms] [ERROR] Failed to load resource: net::ERR_CONNECTION_REFUSED @ http://localhost:3000/api/alerts/unread:0
[  737398ms] [ERROR] Failed to load resource: net::ERR_CONNECTION_REFUSED @ http://localhost:3000/api/dashboard/stats/0824e453-3761-4cdf-96c9-3215a7770618:0
[  737453ms] [ERROR] Failed to load resource: net::ERR_CONNECTION_REFUSED @ http://localhost:3000/api/expenses/store/0824e453-3761-4cdf-96c9-3215a7770618:0
[  738664ms] [ERROR] Failed to load resource: net::ERR_CONNECTION_REFUSED @ http://localhost:3000/api/dashboard/stats/0824e453-3761-4cdf-96c9-3215a7770618:0
[  738666ms] [ERROR] Failed to load resource: net::ERR_CONNECTION_REFUSED @ http://localhost:3000/api/expenses/store/0824e453-3761-4cdf-96c9-3215a7770618:0
[  741322ms] [ERROR] Failed to load resource: net::ERR_CONNECTION_REFUSED @ http://localhost:3000/api/dashboard/stats/0824e453-3761-4cdf-96c9-3215a7770618:0
[  741398ms] [ERROR] Failed to load resource: net::ERR_CONNECTION_REFUSED @ http://localhost:3000/api/expenses/store/0824e453-3761-4cdf-96c9-3215a7770618:0
[  745716ms] [ERROR] Failed to load resource: net::ERR_CONNECTION_REFUSED @ http://localhost:3000/api/expenses/store/0824e453-3761-4cdf-96c9-3215a7770618:0
[  764569ms] [ERROR] Failed to load resource: net::ERR_CONNECTION_REFUSED @ http://localhost:3000/api/alerts/unread-count:0
[  765302ms] [ERROR] Failed to load resource: net::ERR_CONNECTION_REFUSED @ http://localhost:3000/api/alerts/unread:0
[  765580ms] [ERROR] Failed to load resource: net::ERR_CONNECTION_REFUSED @ http://localhost:3000/api/alerts/unread-count:0
[  766394ms] [ERROR] Failed to load resource: net::ERR_CONNECTION_REFUSED @ http://localhost:3000/api/alerts/unread:0
[  767599ms] [ERROR] Failed to load resource: net::ERR_CONNECTION_REFUSED @ http://localhost:3000/api/alerts/unread-count:0
[  768382ms] [ERROR] Failed to load resource: net::ERR_CONNECTION_REFUSED @ http://localhost:3000/api/alerts/unread:0
[  771695ms] [ERROR] Failed to load resource: net::ERR_CONNECTION_REFUSED @ http://localhost:3000/api/alerts/unread-count:0
[  772486ms] [ERROR] Failed to load resource: net::ERR_CONNECTION_REFUSED @ http://localhost:3000/api/alerts/unread:0
[  795435ms] [ERROR] Failed to load resource: net::ERR_CONNECTION_REFUSED @ http://localhost:3000/api/dashboard/stats/0824e453-3761-4cdf-96c9-3215a7770618:0
[  795439ms] [ERROR] Failed to load resource: net::ERR_CONNECTION_REFUSED @ http://localhost:3000/api/expenses/store/0824e453-3761-4cdf-96c9-3215a7770618:0
[  796474ms] [ERROR] Failed to load resource: net::ERR_CONNECTION_REFUSED @ http://localhost:3000/api/dashboard/stats/0824e453-3761-4cdf-96c9-3215a7770618:0
[  796479ms] [ERROR] Failed to load resource: net::ERR_CONNECTION_REFUSED @ http://localhost:3000/api/expenses/store/0824e453-3761-4cdf-96c9-3215a7770618:0
[  798500ms] [ERROR] Failed to load resource: net::ERR_CONNECTION_REFUSED @ http://localhost:3000/api/dashboard/stats/0824e453-3761-4cdf-96c9-3215a7770618:0
[  798504ms] [ERROR] Failed to load resource: net::ERR_CONNECTION_REFUSED @ http://localhost:3000/api/expenses/store/0824e453-3761-4cdf-96c9-3215a7770618:0
[  802223ms] [ERROR] Failed to load resource: net::ERR_CONNECTION_REFUSED @ http://localhost:3000/api/alerts/unread-count:0
[  802499ms] [ERROR] Failed to load resource: net::ERR_CONNECTION_REFUSED @ http://localhost:3000/api/alerts/unread:0
[  802513ms] [ERROR] Failed to load resource: net::ERR_CONNECTION_REFUSED @ http://localhost:3000/api/expenses/store/0824e453-3761-4cdf-96c9-3215a7770618:0
[  803253ms] [ERROR] Failed to load resource: net::ERR_CONNECTION_REFUSED @ http://localhost:3000/api/alerts/unread-count:0
[  803508ms] [ERROR] Failed to load resource: net::ERR_CONNECTION_REFUSED @ http://localhost:3000/api/alerts/unread:0
[  805263ms] [ERROR] Failed to load resource: net::ERR_CONNECTION_REFUSED @ http://localhost:3000/api/alerts/unread-count:0
[  805509ms] [ERROR] Failed to load resource: net::ERR_CONNECTION_REFUSED @ http://localhost:3000/api/alerts/unread:0
[  809432ms] [ERROR] Failed to load resource: net::ERR_CONNECTION_REFUSED @ http://localhost:3000/api/alerts/unread-count:0
[  809673ms] [ERROR] Failed to load resource: net::ERR_CONNECTION_REFUSED @ http://localhost:3000/api/alerts/unread:0
